TN:
SF:src\App.tsx
FN:44,DropletIcon
FN:57,App
FN:76,(anonymous_2)
FN:78,(anonymous_3)
FN:81,(anonymous_4)
FN:81,(anonymous_5)
FN:84,(anonymous_6)
FN:84,(anonymous_7)
FN:88,(anonymous_8)
FN:95,(anonymous_9)
FN:98,(anonymous_10)
FN:100,(anonymous_11)
FN:103,(anonymous_12)
FN:107,(anonymous_13)
FN:126,(anonymous_14)
FN:174,(anonymous_15)
FN:198,(anonymous_16)
FN:235,(anonymous_17)
FN:244,(anonymous_18)
FN:262,(anonymous_19)
FN:285,(anonymous_20)
FN:303,(anonymous_21)
FN:339,(anonymous_22)
FN:404,(anonymous_23)
FNF:24
FNH:0
FNDA:0,DropletIcon
FNDA:0,App
FNDA:0,(anonymous_2)
FNDA:0,(anonymous_3)
FNDA:0,(anonymous_4)
FNDA:0,(anonymous_5)
FNDA:0,(anonymous_6)
FNDA:0,(anonymous_7)
FNDA:0,(anonymous_8)
FNDA:0,(anonymous_9)
FNDA:0,(anonymous_10)
FNDA:0,(anonymous_11)
FNDA:0,(anonymous_12)
FNDA:0,(anonymous_13)
FNDA:0,(anonymous_14)
FNDA:0,(anonymous_15)
FNDA:0,(anonymous_16)
FNDA:0,(anonymous_17)
FNDA:0,(anonymous_18)
FNDA:0,(anonymous_19)
FNDA:0,(anonymous_20)
FNDA:0,(anonymous_21)
FNDA:0,(anonymous_22)
FNDA:0,(anonymous_23)
DA:26,0
DA:31,0
DA:45,0
DA:74,0
DA:76,0
DA:77,0
DA:78,0
DA:81,0
DA:83,0
DA:84,0
DA:88,0
DA:89,0
DA:90,0
DA:95,0
DA:96,0
DA:98,0
DA:100,0
DA:103,0
DA:104,0
DA:107,0
DA:109,0
DA:126,0
DA:128,0
DA:175,0
DA:199,0
DA:235,0
DA:245,0
DA:246,0
DA:247,0
DA:262,0
DA:286,0
DA:304,0
DA:305,0
DA:306,0
DA:307,0
DA:308,0
DA:340,0
DA:355,0
DA:357,0
DA:405,0
LF:40
LH:0
BRDA:84,0,0,0
BRDA:84,0,1,0
BRDA:84,0,2,0
BRDA:91,1,0,0
BRDA:91,1,1,0
BRDA:100,2,0,0
BRDA:100,2,1,0
BRDA:100,3,0,0
BRDA:100,3,1,0
BRDA:100,3,2,0
BRDA:103,4,0,0
BRDA:103,4,1,0
BRDA:103,5,0,0
BRDA:103,5,1,0
BRDA:209,6,0,0
BRDA:209,6,1,0
BRDA:210,7,0,0
BRDA:210,7,1,0
BRDA:211,8,0,0
BRDA:211,8,1,0
BRDA:212,9,0,0
BRDA:212,9,1,0
BRDA:235,10,0,0
BRDA:235,10,1,0
BRDA:258,11,0,0
BRDA:258,11,1,0
BRDA:263,12,0,0
BRDA:263,12,1,0
BRDA:266,13,0,0
BRDA:266,13,1,0
BRDA:306,14,0,0
BRDA:306,14,1,0
BRDA:306,15,0,0
BRDA:306,15,1,0
BRDA:306,15,2,0
BRDA:306,15,3,0
BRDA:315,16,0,0
BRDA:315,16,1,0
BRDA:350,17,0,0
BRDA:350,17,1,0
BRDA:355,18,0,0
BRDA:355,18,1,0
BRDA:368,19,0,0
BRDA:368,19,1,0
BRDA:368,19,2,0
BRDA:414,20,0,0
BRDA:414,20,1,0
BRDA:414,21,0,0
BRDA:414,21,1,0
BRF:49
BRH:0
end_of_record
TN:
SF:src\store\gameStore.ts
FN:285,(anonymous_0)
FN:287,(anonymous_1)
FN:302,(anonymous_2)
FN:302,(anonymous_3)
FN:304,(anonymous_4)
FN:317,(anonymous_5)
FN:318,(anonymous_6)
FN:322,(anonymous_7)
FN:326,(anonymous_8)
FN:332,(anonymous_9)
FN:335,(anonymous_10)
FN:365,(anonymous_11)
FN:374,(anonymous_12)
FN:383,(anonymous_13)
FN:384,(anonymous_14)
FN:385,(anonymous_15)
FN:388,(anonymous_16)
FN:404,(anonymous_17)
FN:416,(anonymous_18)
FN:419,(anonymous_19)
FN:421,(anonymous_20)
FN:428,(anonymous_21)
FN:437,(anonymous_22)
FN:463,(anonymous_23)
FN:465,(anonymous_24)
FN:474,(anonymous_25)
FN:483,(anonymous_26)
FN:494,(anonymous_27)
FN:496,(anonymous_28)
FN:505,(anonymous_29)
FN:513,(anonymous_30)
FN:516,(anonymous_31)
FN:518,(anonymous_32)
FN:527,(anonymous_33)
FN:530,(anonymous_34)
FN:541,(anonymous_35)
FN:543,(anonymous_36)
FN:548,(anonymous_37)
FN:551,(anonymous_38)
FN:570,(anonymous_39)
FN:574,(anonymous_40)
FN:576,(anonymous_41)
FN:588,(anonymous_42)
FN:595,(anonymous_43)
FN:597,(anonymous_44)
FN:598,(anonymous_45)
FNF:46
FNH:46
FNDA:4,(anonymous_0)
FNDA:2,(anonymous_1)
FNDA:22,(anonymous_2)
FNDA:22,(anonymous_3)
FNDA:2,(anonymous_4)
FNDA:24,(anonymous_5)
FNDA:32,(anonymous_6)
FNDA:40,(anonymous_7)
FNDA:2,(anonymous_8)
FNDA:24,(anonymous_9)
FNDA:10,(anonymous_10)
FNDA:24,(anonymous_11)
FNDA:22,(anonymous_12)
FNDA:22,(anonymous_13)
FNDA:154,(anonymous_14)
FNDA:60,(anonymous_15)
FNDA:30,(anonymous_16)
FNDA:3,(anonymous_17)
FNDA:18,(anonymous_18)
FNDA:1,(anonymous_19)
FNDA:12,(anonymous_20)
FNDA:12,(anonymous_21)
FNDA:2,(anonymous_22)
FNDA:1,(anonymous_23)
FNDA:12,(anonymous_24)
FNDA:3,(anonymous_25)
FNDA:15,(anonymous_26)
FNDA:1,(anonymous_27)
FNDA:12,(anonymous_28)
FNDA:1,(anonymous_29)
FNDA:10,(anonymous_30)
FNDA:1,(anonymous_31)
FNDA:11,(anonymous_32)
FNDA:1,(anonymous_33)
FNDA:8,(anonymous_34)
FNDA:1,(anonymous_35)
FNDA:12,(anonymous_36)
FNDA:1,(anonymous_37)
FNDA:12,(anonymous_38)
FNDA:1,(anonymous_39)
FNDA:3,(anonymous_40)
FNDA:3,(anonymous_41)
FNDA:1,(anonymous_42)
FNDA:16,(anonymous_43)
FNDA:192,(anonymous_44)
FNDA:176,(anonymous_45)
DA:30,2
DA:38,2
DA:173,2
DA:187,2
DA:232,2
DA:274,2
DA:285,4
DA:287,2
DA:302,22
DA:305,2
DA:308,2
DA:309,2
DA:317,24
DA:318,2
DA:319,32
DA:320,32
DA:321,32
DA:322,40
DA:326,2
DA:327,2
DA:328,2
DA:329,2
DA:332,2
DA:333,24
DA:334,10
DA:335,10
DA:336,10
DA:337,4
DA:339,6
DA:340,6
DA:342,10
DA:345,10
DA:346,0
DA:347,0
DA:349,10
DA:350,0
DA:351,0
DA:353,10
DA:354,0
DA:356,10
DA:357,0
DA:359,10
DA:360,0
DA:365,24
DA:366,2
DA:367,2
DA:368,2
DA:369,2
DA:370,2
DA:374,2
DA:375,22
DA:376,22
DA:377,22
DA:379,2
DA:380,2
DA:383,2
DA:384,154
DA:385,60
DA:386,22
DA:387,22
DA:388,30
DA:389,22
DA:390,22
DA:391,22
DA:392,22
DA:395,2
DA:405,3
DA:407,3
DA:408,3
DA:409,3
DA:411,3
DA:412,1
DA:413,1
DA:416,18
DA:418,2
DA:419,1
DA:421,12
DA:423,1
DA:424,1
DA:428,12
DA:429,1
DA:430,0
DA:431,0
DA:433,1
DA:435,1
DA:436,1
DA:437,2
DA:438,1
DA:441,1
DA:443,3
DA:454,3
DA:463,3
DA:466,12
DA:471,3
DA:475,3
DA:477,3
DA:478,1
DA:479,1
DA:482,2
DA:484,15
DA:489,2
DA:490,1
DA:491,1
DA:494,1
DA:497,12
DA:502,1
DA:506,1
DA:508,1
DA:509,0
DA:510,0
DA:513,10
DA:514,1
DA:516,1
DA:519,11
DA:524,1
DA:528,1
DA:530,8
DA:531,1
DA:532,0
DA:533,0
DA:536,1
DA:537,0
DA:538,0
DA:541,1
DA:543,12
DA:545,1
DA:549,1
DA:551,12
DA:552,1
DA:553,0
DA:554,0
DA:556,1
DA:557,0
DA:558,0
DA:561,1
DA:562,1
DA:564,1
DA:569,1
DA:570,1
DA:571,1
DA:575,3
DA:576,3
DA:577,3
DA:579,3
DA:580,1
DA:581,1
DA:583,2
DA:584,1
DA:585,1
DA:588,1
DA:592,1
DA:596,16
DA:597,192
DA:598,176
LF:154
LH:135
BRDA:310,0,0,0
BRDA:310,0,1,2
BRDA:311,1,0,0
BRDA:311,1,1,2
BRDA:312,2,0,0
BRDA:312,2,1,2
BRDA:313,3,0,0
BRDA:313,3,1,2
BRDA:314,4,0,0
BRDA:314,4,1,2
BRDA:319,5,0,0
BRDA:319,5,1,32
BRDA:322,6,0,40
BRDA:322,6,1,0
BRDA:333,7,0,14
BRDA:333,7,1,10
BRDA:336,8,0,4
BRDA:336,8,1,6
BRDA:337,9,0,4
BRDA:337,9,1,0
BRDA:340,10,0,6
BRDA:340,10,1,0
BRDA:342,11,0,10
BRDA:342,11,1,0
BRDA:345,12,0,0
BRDA:345,12,1,10
BRDA:349,13,0,0
BRDA:349,13,1,10
BRDA:353,14,0,0
BRDA:353,14,1,10
BRDA:356,15,0,0
BRDA:356,15,1,10
BRDA:359,16,0,0
BRDA:359,16,1,10
BRDA:359,17,0,10
BRDA:359,17,1,0
BRDA:365,18,0,24
BRDA:365,18,1,2
BRDA:367,19,0,2
BRDA:367,19,1,0
BRDA:377,20,0,22
BRDA:377,20,1,22
BRDA:379,21,0,0
BRDA:379,21,1,2
BRDA:386,22,0,22
BRDA:386,22,1,8
BRDA:387,23,0,22
BRDA:387,23,1,0
BRDA:388,24,0,30
BRDA:388,24,1,0
BRDA:389,25,0,2
BRDA:389,25,1,20
BRDA:389,26,0,22
BRDA:389,26,1,2
BRDA:391,27,0,8
BRDA:391,27,1,14
BRDA:408,28,0,0
BRDA:408,28,1,3
BRDA:411,29,0,1
BRDA:411,29,1,2
BRDA:418,30,0,1
BRDA:418,30,1,1
BRDA:421,31,0,1
BRDA:421,31,1,11
BRDA:428,32,0,12
BRDA:428,32,1,12
BRDA:429,33,0,0
BRDA:429,33,1,1
BRDA:441,34,0,0
BRDA:441,34,1,1
BRDA:466,35,0,1
BRDA:466,35,1,11
BRDA:477,36,0,1
BRDA:477,36,1,2
BRDA:484,37,0,15
BRDA:484,37,1,15
BRDA:484,37,2,8
BRDA:489,38,0,1
BRDA:489,38,1,1
BRDA:497,39,0,1
BRDA:497,39,1,11
BRDA:508,40,0,0
BRDA:508,40,1,1
BRDA:514,41,0,0
BRDA:514,41,1,1
BRDA:519,42,0,1
BRDA:519,42,1,10
BRDA:530,43,0,8
BRDA:530,43,1,1
BRDA:530,43,2,1
BRDA:531,44,0,0
BRDA:531,44,1,1
BRDA:536,45,0,0
BRDA:536,45,1,1
BRDA:536,46,0,1
BRDA:536,46,1,1
BRDA:543,47,0,1
BRDA:543,47,1,11
BRDA:552,48,0,0
BRDA:552,48,1,1
BRDA:556,49,0,0
BRDA:556,49,1,1
BRDA:562,50,0,0
BRDA:562,50,1,1
BRDA:577,51,0,0
BRDA:577,51,1,3
BRDA:579,52,0,1
BRDA:579,52,1,2
BRDA:583,53,0,1
BRDA:583,53,1,1
BRF:110
BRH:79
end_of_record
TN:
SF:src\types\game.ts
FNF:0
FNH:0
LF:0
LH:0
BRF:0
BRH:0
end_of_record
