TN:
SF:src/App.tsx
FN:21,(anonymous_0)
FN:24,(anonymous_1)
FN:26,(anonymous_2)
FNF:3
FNH:0
FNDA:0,(anonymous_0)
FNDA:0,(anonymous_1)
FNDA:0,(anonymous_2)
DA:21,0
DA:22,0
DA:24,0
DA:25,0
DA:26,0
DA:29,0
LF:6
LH:0
BRF:0
BRH:0
end_of_record
TN:
SF:src/components/index.ts
FNF:0
FNH:0
LF:0
LH:0
BRF:0
BRH:0
end_of_record
TN:
SF:src/components/container/CommandPanel.tsx
FN:6,(anonymous_0)
FN:18,(anonymous_1)
FNF:2
FNH:0
FNDA:0,(anonymous_0)
FNDA:0,(anonymous_1)
DA:6,0
DA:7,0
DA:9,0
DA:16,0
DA:19,0
LF:5
LH:0
BRF:0
BRH:0
end_of_record
TN:
SF:src/components/container/EventLog.tsx
FN:5,(anonymous_0)
FNF:1
FNH:0
FNDA:0,(anonymous_0)
DA:5,0
DA:6,0
DA:8,0
LF:3
LH:0
BRF:0
BRH:0
end_of_record
TN:
SF:src/components/container/EvolutionPanel.tsx
FN:5,(anonymous_0)
FN:8,(anonymous_1)
FN:29,(anonymous_2)
FN:50,(anonymous_3)
FNF:4
FNH:0
FNDA:0,(anonymous_0)
FNDA:0,(anonymous_1)
FNDA:0,(anonymous_2)
FNDA:0,(anonymous_3)
DA:5,0
DA:6,0
DA:8,0
DA:9,0
DA:11,0
DA:30,0
DA:31,0
DA:32,0
DA:50,0
LF:9
LH:0
BRDA:9,0,0,0
BRDA:9,0,1,0
BRDA:42,1,0,0
BRDA:42,1,1,0
BRDA:43,2,0,0
BRDA:43,2,1,0
BRDA:46,3,0,0
BRDA:46,3,1,0
BRF:8
BRH:0
end_of_record
TN:
SF:src/components/container/NetworkMap.tsx
FN:7,(anonymous_0)
FN:10,(anonymous_1)
FN:10,(anonymous_2)
FN:11,(anonymous_3)
FN:29,(anonymous_4)
FN:65,(anonymous_5)
FNF:6
FNH:0
FNDA:0,(anonymous_0)
FNDA:0,(anonymous_1)
FNDA:0,(anonymous_2)
FNDA:0,(anonymous_3)
FNDA:0,(anonymous_4)
FNDA:0,(anonymous_5)
DA:7,0
DA:8,0
DA:10,0
DA:11,0
DA:13,0
DA:30,0
DA:31,0
DA:32,0
DA:33,0
DA:34,0
DA:66,0
DA:67,0
DA:69,0
LF:13
LH:0
BRDA:32,0,0,0
BRDA:32,0,1,0
BRDA:32,1,0,0
BRDA:32,1,1,0
BRDA:32,1,2,0
BRDA:32,1,3,0
BRDA:41,2,0,0
BRDA:41,2,1,0
BRDA:67,3,0,0
BRDA:67,3,1,0
BRDA:81,4,0,0
BRDA:81,4,1,0
BRDA:81,4,2,0
BRF:13
BRH:0
end_of_record
TN:
SF:src/components/container/NodeList.tsx
FN:5,(anonymous_0)
FN:7,(anonymous_1)
FNF:2
FNH:0
FNDA:0,(anonymous_0)
FNDA:0,(anonymous_1)
DA:5,0
DA:6,0
DA:7,0
DA:9,0
LF:4
LH:0
BRF:0
BRH:0
end_of_record
TN:
SF:src/components/container/ResourcePanel.tsx
FN:6,(anonymous_0)
FN:10,(anonymous_1)
FNF:2
FNH:0
FNDA:0,(anonymous_0)
FNDA:0,(anonymous_1)
DA:6,0
DA:7,0
DA:8,0
DA:10,0
DA:16,0
LF:5
LH:0
BRF:0
BRH:0
end_of_record
TN:
SF:src/components/container/StatsHeader.tsx
FN:7,(anonymous_0)
FN:10,(anonymous_1)
FN:10,(anonymous_2)
FN:12,(anonymous_3)
FN:13,(anonymous_4)
FN:17,(anonymous_5)
FN:22,(anonymous_6)
FN:25,(anonymous_7)
FN:27,(anonymous_8)
FN:30,(anonymous_9)
FNF:10
FNH:0
FNDA:0,(anonymous_0)
FNDA:0,(anonymous_1)
FNDA:0,(anonymous_2)
FNDA:0,(anonymous_3)
FNDA:0,(anonymous_4)
FNDA:0,(anonymous_5)
FNDA:0,(anonymous_6)
FNDA:0,(anonymous_7)
FNDA:0,(anonymous_8)
FNDA:0,(anonymous_9)
DA:7,0
DA:8,0
DA:10,0
DA:12,0
DA:13,0
DA:17,0
DA:22,0
DA:23,0
DA:25,0
DA:27,0
DA:30,0
DA:31,0
DA:34,0
LF:13
LH:0
BRDA:13,0,0,0
BRDA:13,0,1,0
BRDA:27,1,0,0
BRDA:27,1,1,0
BRDA:27,2,0,0
BRDA:27,2,1,0
BRDA:27,2,2,0
BRDA:30,3,0,0
BRDA:30,3,1,0
BRDA:30,4,0,0
BRDA:30,4,1,0
BRF:11
BRH:0
end_of_record
TN:
SF:src/components/container/index.ts
FNF:0
FNH:0
LF:0
LH:0
BRF:0
BRH:0
end_of_record
TN:
SF:src/components/presentational/EventLogPresentational.tsx
FN:10,(anonymous_0)
FN:21,(anonymous_1)
FNF:2
FNH:0
FNDA:0,(anonymous_0)
FNDA:0,(anonymous_1)
DA:10,0
DA:11,0
DA:22,0
LF:3
LH:0
BRF:0
BRH:0
end_of_record
TN:
SF:src/components/presentational/NodeListPresentational.tsx
FN:12,(anonymous_0)
FN:23,(anonymous_1)
FNF:2
FNH:0
FNDA:0,(anonymous_0)
FNDA:0,(anonymous_1)
DA:12,0
DA:13,0
DA:24,0
LF:3
LH:0
BRDA:38,0,0,0
BRDA:38,0,1,0
BRDA:38,1,0,0
BRDA:38,1,1,0
BRF:4
BRH:0
end_of_record
TN:
SF:src/components/presentational/ResourcePanelPresentational.tsx
FN:18,(anonymous_0)
FN:28,(anonymous_1)
FNF:2
FNH:0
FNDA:0,(anonymous_0)
FNDA:0,(anonymous_1)
DA:18,0
DA:19,0
DA:29,0
LF:3
LH:0
BRF:0
BRH:0
end_of_record
TN:
SF:src/components/presentational/index.ts
FNF:0
FNH:0
LF:0
LH:0
BRF:0
BRH:0
end_of_record
TN:
SF:src/components/ui/accordion.tsx
FN:9,(anonymous_0)
FN:21,(anonymous_1)
FN:41,(anonymous_2)
FNF:3
FNH:0
FNDA:0,(anonymous_0)
FNDA:0,(anonymous_1)
FNDA:0,(anonymous_2)
DA:7,0
DA:9,0
DA:13,0
DA:19,0
DA:21,0
DA:25,0
DA:39,0
DA:41,0
DA:45,0
DA:53,0
LF:10
LH:0
BRF:0
BRH:0
end_of_record
TN:
SF:src/components/ui/badge.tsx
FN:30,(anonymous_0)
FNF:1
FNH:0
FNDA:0,(anonymous_0)
DA:6,0
DA:30,0
DA:31,0
LF:3
LH:0
BRF:0
BRH:0
end_of_record
TN:
SF:src/components/ui/button.tsx
FN:43,(anonymous_0)
FNF:1
FNH:0
FNDA:0,(anonymous_0)
DA:7,0
DA:43,0
DA:45,0
DA:46,0
DA:55,0
LF:5
LH:0
BRDA:44,0,0,0
BRDA:45,1,0,0
BRDA:45,1,1,0
BRF:3
BRH:0
end_of_record
TN:
SF:src/components/ui/card.tsx
FN:5,(anonymous_0)
FN:20,(anonymous_1)
FN:32,(anonymous_2)
FN:44,(anonymous_3)
FN:56,(anonymous_4)
FN:64,(anonymous_5)
FNF:6
FNH:0
FNDA:0,(anonymous_0)
FNDA:0,(anonymous_1)
FNDA:0,(anonymous_2)
FNDA:0,(anonymous_3)
FNDA:0,(anonymous_4)
FNDA:0,(anonymous_5)
DA:5,0
DA:9,0
DA:18,0
DA:20,0
DA:24,0
DA:30,0
DA:32,0
DA:36,0
DA:42,0
DA:44,0
DA:48,0
DA:54,0
DA:56,0
DA:60,0
DA:62,0
DA:64,0
DA:68,0
DA:74,0
LF:18
LH:0
BRF:0
BRH:0
end_of_record
TN:
SF:src/components/ui/scroll-area.tsx
FN:6,(anonymous_0)
FN:24,(anonymous_1)
FNF:2
FNH:0
FNDA:0,(anonymous_0)
FNDA:0,(anonymous_1)
DA:6,0
DA:10,0
DA:22,0
DA:24,0
DA:28,0
DA:44,0
LF:6
LH:0
BRDA:27,0,0,0
BRDA:33,1,0,0
BRDA:33,1,1,0
BRDA:35,2,0,0
BRDA:35,2,1,0
BRF:5
BRH:0
end_of_record
TN:
SF:src/lib/utils.ts
FN:4,cn
FNF:1
FNH:0
FNDA:0,cn
DA:5,0
LF:1
LH:0
BRF:0
BRH:0
end_of_record
TN:
SF:src/store/gameStore.ts
FN:286,(anonymous_0)
FN:288,(anonymous_1)
FN:303,(anonymous_2)
FN:303,(anonymous_3)
FN:305,(anonymous_4)
FN:311,(anonymous_5)
FN:313,(anonymous_6)
FN:319,(anonymous_7)
FN:322,(anonymous_8)
FN:352,(anonymous_9)
FN:361,(anonymous_10)
FN:366,(anonymous_11)
FN:367,(anonymous_12)
FN:368,(anonymous_13)
FN:371,(anonymous_14)
FN:387,(anonymous_15)
FN:398,(anonymous_16)
FN:401,(anonymous_17)
FN:403,(anonymous_18)
FN:410,(anonymous_19)
FN:419,(anonymous_20)
FN:445,(anonymous_21)
FN:447,(anonymous_22)
FN:456,(anonymous_23)
FN:464,(anonymous_24)
FN:476,(anonymous_25)
FN:478,(anonymous_26)
FN:487,(anonymous_27)
FN:495,(anonymous_28)
FN:498,(anonymous_29)
FN:500,(anonymous_30)
FN:509,(anonymous_31)
FN:512,(anonymous_32)
FN:523,(anonymous_33)
FN:525,(anonymous_34)
FN:530,(anonymous_35)
FN:533,(anonymous_36)
FN:550,(anonymous_37)
FN:554,(anonymous_38)
FN:556,(anonymous_39)
FN:568,(anonymous_40)
FN:575,(anonymous_41)
FN:577,(anonymous_42)
FN:578,(anonymous_43)
FNF:44
FNH:44
FNDA:4,(anonymous_0)
FNDA:2,(anonymous_1)
FNDA:22,(anonymous_2)
FNDA:22,(anonymous_3)
FNDA:2,(anonymous_4)
FNDA:24,(anonymous_5)
FNDA:2,(anonymous_6)
FNDA:24,(anonymous_7)
FNDA:10,(anonymous_8)
FNDA:24,(anonymous_9)
FNDA:22,(anonymous_10)
FNDA:22,(anonymous_11)
FNDA:154,(anonymous_12)
FNDA:60,(anonymous_13)
FNDA:30,(anonymous_14)
FNDA:3,(anonymous_15)
FNDA:18,(anonymous_16)
FNDA:1,(anonymous_17)
FNDA:12,(anonymous_18)
FNDA:12,(anonymous_19)
FNDA:2,(anonymous_20)
FNDA:1,(anonymous_21)
FNDA:12,(anonymous_22)
FNDA:3,(anonymous_23)
FNDA:15,(anonymous_24)
FNDA:1,(anonymous_25)
FNDA:12,(anonymous_26)
FNDA:1,(anonymous_27)
FNDA:10,(anonymous_28)
FNDA:1,(anonymous_29)
FNDA:11,(anonymous_30)
FNDA:1,(anonymous_31)
FNDA:8,(anonymous_32)
FNDA:1,(anonymous_33)
FNDA:12,(anonymous_34)
FNDA:1,(anonymous_35)
FNDA:12,(anonymous_36)
FNDA:1,(anonymous_37)
FNDA:3,(anonymous_38)
FNDA:3,(anonymous_39)
FNDA:1,(anonymous_40)
FNDA:16,(anonymous_41)
FNDA:192,(anonymous_42)
FNDA:176,(anonymous_43)
DA:31,2
DA:39,2
DA:174,2
DA:188,2
DA:233,2
DA:275,2
DA:286,4
DA:288,2
DA:303,22
DA:306,2
DA:309,2
DA:311,24
DA:313,2
DA:314,2
DA:315,2
DA:316,2
DA:319,2
DA:320,24
DA:321,10
DA:322,10
DA:323,10
DA:324,4
DA:326,6
DA:327,6
DA:329,10
DA:332,10
DA:333,0
DA:334,0
DA:336,10
DA:337,0
DA:338,0
DA:340,10
DA:341,0
DA:343,10
DA:344,0
DA:346,10
DA:347,0
DA:352,24
DA:353,2
DA:354,2
DA:355,2
DA:356,2
DA:357,2
DA:361,22
DA:362,2
DA:363,2
DA:366,2
DA:367,154
DA:368,60
DA:369,22
DA:370,22
DA:371,30
DA:372,22
DA:373,22
DA:374,22
DA:375,22
DA:378,2
DA:388,3
DA:390,3
DA:391,3
DA:393,3
DA:394,1
DA:395,1
DA:398,18
DA:400,2
DA:401,1
DA:403,12
DA:405,1
DA:406,1
DA:410,12
DA:411,1
DA:412,0
DA:413,0
DA:415,1
DA:417,1
DA:418,1
DA:419,2
DA:420,1
DA:423,1
DA:425,1
DA:436,1
DA:445,1
DA:448,12
DA:453,1
DA:457,3
DA:459,3
DA:460,1
DA:461,1
DA:464,2
DA:466,15
DA:471,2
DA:472,1
DA:473,1
DA:476,1
DA:479,12
DA:484,1
DA:488,1
DA:490,1
DA:491,0
DA:492,0
DA:495,10
DA:496,1
DA:498,1
DA:501,11
DA:506,1
DA:510,1
DA:512,8
DA:513,1
DA:514,0
DA:515,0
DA:518,1
DA:519,0
DA:520,0
DA:523,1
DA:525,12
DA:527,1
DA:531,1
DA:533,12
DA:534,1
DA:535,0
DA:536,0
DA:538,1
DA:539,0
DA:540,0
DA:543,1
DA:544,1
DA:549,1
DA:550,1
DA:551,1
DA:555,3
DA:556,3
DA:557,3
DA:559,3
DA:560,1
DA:561,1
DA:563,2
DA:564,1
DA:565,1
DA:568,1
DA:572,1
DA:576,16
DA:577,192
DA:578,176
LF:143
LH:124
BRDA:320,0,0,14
BRDA:320,0,1,10
BRDA:323,1,0,4
BRDA:323,1,1,6
BRDA:324,2,0,4
BRDA:324,2,1,0
BRDA:327,3,0,6
BRDA:327,3,1,0
BRDA:329,4,0,10
BRDA:329,4,1,0
BRDA:332,5,0,0
BRDA:332,5,1,10
BRDA:336,6,0,0
BRDA:336,6,1,10
BRDA:340,7,0,0
BRDA:340,7,1,10
BRDA:343,8,0,0
BRDA:343,8,1,10
BRDA:346,9,0,0
BRDA:346,9,1,10
BRDA:346,10,0,10
BRDA:346,10,1,0
BRDA:352,11,0,24
BRDA:352,11,1,2
BRDA:354,12,0,2
BRDA:354,12,1,0
BRDA:362,13,0,0
BRDA:362,13,1,2
BRDA:369,14,0,22
BRDA:369,14,1,8
BRDA:370,15,0,22
BRDA:370,15,1,0
BRDA:371,16,0,30
BRDA:371,16,1,0
BRDA:372,17,0,2
BRDA:372,17,1,20
BRDA:372,18,0,22
BRDA:372,18,1,2
BRDA:374,19,0,8
BRDA:374,19,1,14
BRDA:393,20,0,1
BRDA:393,20,1,2
BRDA:400,21,0,1
BRDA:400,21,1,1
BRDA:403,22,0,1
BRDA:403,22,1,11
BRDA:410,23,0,12
BRDA:410,23,1,12
BRDA:411,24,0,0
BRDA:411,24,1,1
BRDA:448,25,0,1
BRDA:448,25,1,11
BRDA:459,26,0,1
BRDA:459,26,1,2
BRDA:466,27,0,15
BRDA:466,27,1,15
BRDA:466,27,2,8
BRDA:471,28,0,1
BRDA:471,28,1,1
BRDA:479,29,0,1
BRDA:479,29,1,11
BRDA:490,30,0,0
BRDA:490,30,1,1
BRDA:496,31,0,0
BRDA:496,31,1,1
BRDA:501,32,0,1
BRDA:501,32,1,10
BRDA:512,33,0,8
BRDA:512,33,1,1
BRDA:512,33,2,1
BRDA:513,34,0,0
BRDA:513,34,1,1
BRDA:518,35,0,0
BRDA:518,35,1,1
BRDA:518,36,0,1
BRDA:518,36,1,1
BRDA:525,37,0,1
BRDA:525,37,1,11
BRDA:534,38,0,0
BRDA:534,38,1,1
BRDA:538,39,0,0
BRDA:538,39,1,1
BRDA:557,40,0,0
BRDA:557,40,1,3
BRDA:559,41,0,1
BRDA:559,41,1,2
BRDA:563,42,0,1
BRDA:563,42,1,1
BRF:88
BRH:67
end_of_record
TN:
SF:src/types/game.ts
FNF:0
FNH:0
LF:0
LH:0
BRF:0
BRH:0
end_of_record
TN:
SF:src/utils/gameLogic.ts
FN:9,(anonymous_0)
FN:36,(anonymous_1)
FN:43,(anonymous_2)
FN:57,(anonymous_3)
FNF:4
FNH:4
FNDA:6,(anonymous_0)
FNDA:32,(anonymous_1)
FNDA:40,(anonymous_2)
FNDA:22,(anonymous_3)
DA:9,2
DA:10,6
DA:11,6
DA:36,2
DA:40,32
DA:41,32
DA:42,32
DA:43,40
DA:57,2
DA:61,22
DA:62,22
DA:63,22
LF:12
LH:12
BRDA:13,0,0,0
BRDA:13,0,1,6
BRDA:15,1,0,0
BRDA:15,1,1,6
BRDA:17,2,0,0
BRDA:17,2,1,6
BRDA:19,3,0,0
BRDA:19,3,1,6
BRDA:21,4,0,0
BRDA:21,4,1,6
BRDA:23,5,0,0
BRDA:23,5,1,6
BRDA:25,6,0,0
BRDA:25,6,1,6
BRDA:40,7,0,0
BRDA:40,7,1,32
BRDA:45,8,0,40
BRDA:45,8,1,0
BRDA:63,9,0,22
BRDA:63,9,1,22
BRF:20
BRH:11
end_of_record
TN:
SF:src/utils/uiConstants.tsx
FN:35,(anonymous_0)
FNF:1
FNH:0
FNDA:0,(anonymous_0)
DA:9,0
DA:16,0
DA:21,0
DA:35,0
DA:36,0
DA:50,0
DA:51,0
DA:54,0
LF:8
LH:0
BRDA:50,0,0,0
BRDA:50,0,1,0
BRDA:51,1,0,0
BRDA:51,1,1,0
BRF:4
BRH:0
end_of_record
